  main.cpp
C:\Users\greensci\source\repos\leafpack\leafpack\main.cpp(61,21): warning C4244: 'initializing': conversion from 'uint16_t' to 'uint8_t', possible loss of data
C:\Users\greensci\source\repos\leafpack\leafpack\main.cpp(281,29): warning C4267: '=': conversion from 'size_t' to '_Ty', possible loss of data
C:\Users\greensci\source\repos\leafpack\leafpack\main.cpp(281,29): warning C4267:         with
C:\Users\greensci\source\repos\leafpack\leafpack\main.cpp(281,29): warning C4267:         [
C:\Users\greensci\source\repos\leafpack\leafpack\main.cpp(281,29): warning C4267:             _Ty=unsigned char
C:\Users\greensci\source\repos\leafpack\leafpack\main.cpp(281,29): warning C4267:         ]
C:\Users\greensci\source\repos\leafpack\leafpack\main.cpp(323,24): warning C4267: 'initializing': conversion from 'size_t' to 'int', possible loss of data
C:\Users\greensci\source\repos\leafpack\leafpack\main.cpp(397,29): warning C4267: '=': conversion from 'size_t' to '_Ty', possible loss of data
C:\Users\greensci\source\repos\leafpack\leafpack\main.cpp(397,29): warning C4267:         with
C:\Users\greensci\source\repos\leafpack\leafpack\main.cpp(397,29): warning C4267:         [
C:\Users\greensci\source\repos\leafpack\leafpack\main.cpp(397,29): warning C4267:             _Ty=unsigned char
C:\Users\greensci\source\repos\leafpack\leafpack\main.cpp(397,29): warning C4267:         ]
C:\Users\greensci\source\repos\leafpack\leafpack\main.cpp(456,24): warning C4267: 'initializing': conversion from 'size_t' to 'int', possible loss of data
C:\Users\greensci\source\repos\leafpack\leafpack\main.cpp(601,24): warning C4267: 'initializing': conversion from 'size_t' to 'int', possible loss of data
  Generating code
  1 of 328 functions ( 0.3%) were compiled, the rest were copied from previous compilation.
    0 functions were new in current compilation
    0 functions had inline decision re-evaluated but remain unchanged
  Finished generating code
  leafpack.vcxproj -> C:\Users\greensci\source\repos\leafpack\x64\Release\leafpack.exe
