  main.cpp
C:\Users\greensci\Documents\GitHub\leafpack\leafpack\main.cpp(61,21): warning C4244: 'initializing': conversion from 'uint16_t' to 'uint8_t', possible loss of data
C:\Users\greensci\Documents\GitHub\leafpack\leafpack\main.cpp(179,32): warning C4244: 'argument': conversion from 'std::streamoff' to 'const unsigned int', possible loss of data
C:\Users\greensci\Documents\GitHub\leafpack\leafpack\main.cpp(281,29): warning C4267: '=': conversion from 'size_t' to '_Ty', possible loss of data
C:\Users\greensci\Documents\GitHub\leafpack\leafpack\main.cpp(281,29): warning C4267:         with
C:\Users\greensci\Documents\GitHub\leafpack\leafpack\main.cpp(281,29): warning C4267:         [
C:\Users\greensci\Documents\GitHub\leafpack\leafpack\main.cpp(281,29): warning C4267:             _Ty=unsigned char
C:\Users\greensci\Documents\GitHub\leafpack\leafpack\main.cpp(281,29): warning C4267:         ]
C:\Users\greensci\Documents\GitHub\leafpack\leafpack\main.cpp(291,31): warning C4018: '<': signed/unsigned mismatch
C:\Users\greensci\Documents\GitHub\leafpack\leafpack\main.cpp(295,31): warning C4018: '>=': signed/unsigned mismatch
C:\Users\greensci\Documents\GitHub\leafpack\leafpack\main.cpp(323,40): warning C4018: '<': signed/unsigned mismatch
C:\Users\greensci\Documents\GitHub\leafpack\leafpack\main.cpp(327,31): warning C4018: '>=': signed/unsigned mismatch
C:\Users\greensci\Documents\GitHub\leafpack\leafpack\main.cpp(397,29): warning C4267: '=': conversion from 'size_t' to '_Ty', possible loss of data
C:\Users\greensci\Documents\GitHub\leafpack\leafpack\main.cpp(397,29): warning C4267:         with
C:\Users\greensci\Documents\GitHub\leafpack\leafpack\main.cpp(397,29): warning C4267:         [
C:\Users\greensci\Documents\GitHub\leafpack\leafpack\main.cpp(397,29): warning C4267:             _Ty=unsigned char
C:\Users\greensci\Documents\GitHub\leafpack\leafpack\main.cpp(397,29): warning C4267:         ]
C:\Users\greensci\Documents\GitHub\leafpack\leafpack\main.cpp(423,31): warning C4018: '<': signed/unsigned mismatch
C:\Users\greensci\Documents\GitHub\leafpack\leafpack\main.cpp(427,31): warning C4018: '>=': signed/unsigned mismatch
C:\Users\greensci\Documents\GitHub\leafpack\leafpack\main.cpp(456,40): warning C4018: '<': signed/unsigned mismatch
C:\Users\greensci\Documents\GitHub\leafpack\leafpack\main.cpp(460,31): warning C4018: '>=': signed/unsigned mismatch
C:\Users\greensci\Documents\GitHub\leafpack\leafpack\main.cpp(601,40): warning C4018: '<': signed/unsigned mismatch
C:\Users\greensci\Documents\GitHub\leafpack\leafpack\main.cpp(605,31): warning C4018: '>=': signed/unsigned mismatch
  Generating code
  319 of 328 functions (97.3%) were compiled, the rest were copied from previous compilation.
    0 functions were new in current compilation
    2 functions had inline decision re-evaluated but remain unchanged
  Finished generating code
  leafpack.vcxproj -> C:\Users\greensci\Documents\GitHub\leafpack\Release\leafpack.exe
